<?xml version="1.0" encoding="UTF-8"?>
<testng-results ignored="0" total="1" passed="1" failed="0" skipped="0">
  <reporter-output>
  </reporter-output>
  <suite started-at="2022-09-20T13:08:58 CDT" name="Default suite" finished-at="2022-09-20T13:09:01 CDT" duration-ms="3723">
    <groups>
    </groups>
    <test started-at="2022-09-20T13:08:58 CDT" name="Default test" finished-at="2022-09-20T13:09:01 CDT" duration-ms="3723">
      <class name="exercise1.Google">
        <test-method signature="testApp()[pri:0, instance:exercise1.Google@5562c41e]" started-at="2022-09-20T13:08:58 CDT" name="testApp" finished-at="2022-09-20T13:09:01 CDT" duration-ms="3691" status="PASS">
          <reporter-output>
          </reporter-output>
        </test-method> <!-- testApp -->
      </class> <!-- exercise1.Google -->
    </test> <!-- Default test -->
  </suite> <!-- Default suite -->
</testng-results>
